> Task :app:objectboxPrepareBuild UP-TO-DATE
> Task :app:preBuild UP-TO-DATE
> Task :app:preDebugBuild UP-TO-DATE
> Task :app:mergeDebugNativeDebugMetadata NO-SOURCE
> Task :app:checkKotlinGradlePluginConfigurationErrors SKIPPED
> Task :orabel:preBuild UP-TO-DATE
> Task :orabel:preDebugBuild UP-TO-DATE
> Task :orabel:writeDebugAarMetadata UP-TO-DATE
> Task :app:checkDebugAarMetadata UP-TO-DATE
> Task :app:generateDebugResValues UP-TO-DATE
> Task :orabel:generateDebugResValues UP-TO-DATE
> Task :orabel:generateDebugResources UP-TO-DATE
> Task :orabel:packageDebugResources UP-TO-DATE
> Task :app:mapDebugSourceSetPaths UP-TO-DATE
> Task :app:generateDebugResources UP-TO-DATE
> Task :app:mergeDebugResources UP-TO-DATE
> Task :app:packageDebugResources UP-TO-DATE
> Task :app:parseDebugLocalResources UP-TO-DATE
> Task :app:createDebugCompatibleScreenManifests UP-TO-DATE
> Task :app:extractDeepLinksDebug UP-TO-DATE
> Task :orabel:extractDeepLinksDebug UP-TO-DATE
> Task :orabel:processDebugManifest UP-TO-DATE
> Task :app:processDebugMainManifest UP-TO-DATE
> Task :app:processDebugManifest UP-TO-DATE
> Task :app:processDebugManifestForPackage UP-TO-DATE
> Task :orabel:compileDebugLibraryResources UP-TO-DATE
> Task :orabel:parseDebugLocalResources UP-TO-DATE
> Task :orabel:generateDebugRFile UP-TO-DATE
> Task :app:processDebugResources UP-TO-DATE
> Task :orabel:checkKotlinGradlePluginConfigurationErrors SKIPPED
> Task :orabel:compileDebugKotlin UP-TO-DATE
> Task :orabel:javaPreCompileDebug UP-TO-DATE
> Task :orabel:compileDebugJavaWithJavac NO-SOURCE
> Task :orabel:bundleLibCompileToJarDebug UP-TO-DATE
> Task :app:javaPreCompileDebug UP-TO-DATE
> Task :app:mergeDebugShaders UP-TO-DATE
> Task :app:compileDebugShaders NO-SOURCE
> Task :app:generateDebugAssets UP-TO-DATE
> Task :orabel:mergeDebugShaders UP-TO-DATE
> Task :orabel:compileDebugShaders NO-SOURCE
> Task :orabel:generateDebugAssets UP-TO-DATE
> Task :orabel:packageDebugAssets UP-TO-DATE
> Task :app:mergeDebugAssets UP-TO-DATE
> Task :app:compressDebugAssets UP-TO-DATE
> Task :orabel:processDebugJavaRes UP-TO-DATE
> Task :app:checkDebugDuplicateClasses UP-TO-DATE
> Task :app:desugarDebugFileDependencies UP-TO-DATE
> Task :app:mergeExtDexDebug UP-TO-DATE
> Task :orabel:bundleLibRuntimeToDirDebug UP-TO-DATE
> Task :orabel:bundleLibRuntimeToJarDebug UP-TO-DATE
> Task :app:mergeLibDexDebug UP-TO-DATE
> Task :app:mergeDebugJniLibFolders UP-TO-DATE
> Task :orabel:preReleaseBuild UP-TO-DATE
> Task :orabel:configureCMakeRelease[arm64-v8a]
> Task :orabel:buildCMakeRelease[arm64-v8a]
> Task :orabel:configureCMakeRelease[armeabi-v7a]
> Task :orabel:buildCMakeRelease[armeabi-v7a]
> Task :orabel:configureCMakeRelease[x86]
> Task :orabel:buildCMakeRelease[x86]
> Task :orabel:configureCMakeRelease[x86_64]
> Task :orabel:buildCMakeRelease[x86_64]
> Task :orabel:mergeDebugJniLibFolders UP-TO-DATE
> Task :orabel:mergeDebugNativeLibs UP-TO-DATE
> Task :orabel:copyDebugJniLibsProjectOnly UP-TO-DATE
> Task :app:mergeDebugNativeLibs UP-TO-DATE
> Task :app:stripDebugDebugSymbols UP-TO-DATE
> Task :app:validateSigningDebug UP-TO-DATE
> Task :app:writeDebugAppMetadata UP-TO-DATE
> Task :app:writeDebugSigningConfigVersions UP-TO-DATE
> Task :orabel:stripDebugDebugSymbols UP-TO-DATE
> Task :orabel:copyDebugJniLibsProjectAndLocalJars UP-TO-DATE
> Task :orabel:extractDebugAnnotations UP-TO-DATE
> Task :orabel:extractDeepLinksForAarDebug UP-TO-DATE
> Task :orabel:mergeDebugGeneratedProguardFiles UP-TO-DATE
> Task :orabel:mergeDebugConsumerProguardFiles UP-TO-DATE
> Task :orabel:prepareDebugArtProfile UP-TO-DATE

> Task :app:kspDebugKotlin FAILED
e: [ksp] C:/cmabios-main/app/src/main/java/io/orabel/orabelandroid/ui/screens/chat/ChatActivity.kt: (532, 12): Function declaration must have a name
e: Error occurred in KSP, check log for detail
e: file:///C:/cmabios-main/app/src/main/java/io/orabel/orabelandroid/ui/screens/chat/ChatActivity.kt:532:7 Expecting a top level declaration
e: file:///C:/cmabios-main/app/src/main/java/io/orabel/orabelandroid/ui/screens/chat/ChatActivity.kt:532:12 Expecting a top level declaration
e: file:///C:/cmabios-main/app/src/main/java/io/orabel/orabelandroid/ui/screens/chat/ChatActivity.kt:558:1 Expecting a top level declaration

> Task :orabel:prepareLintJarForPublish UP-TO-DATE
> Task :orabel:mergeDebugJavaResource UP-TO-DATE

FAILURE: Build failed with an exception.

* What went wrong:
Execution failed for task ':app:kspDebugKotlin'.
> A failure occurred while executing org.jetbrains.kotlin.compilerRunner.GradleCompilerRunnerWithWorkers$GradleKotlinCompilerWorkAction
   > Compilation error. See log for more details

* Try:
> Run with --stacktrace option to get the stack trace.
> Run with --info or --debug option to get more log output.
> Run with --scan to get full insights.
> Get more help at https://help.gradle.org.

Deprecated Gradle features were used in this build, making it incompatible with Gradle 9.0.

You can use '--warning-mode all' to show the individual deprecation warnings and determine if they come from your own scripts or plugins.

For more on this, please refer to https://docs.gradle.org/8.9/userguide/command_line_interface.html#sec:command_line_warnings in the Gradle documentation.

BUILD FAILED in 2s
66 actionable tasks: 9 executed, 57 up-to-date
